<?xml version="1.0" encoding="UTF-8"?>
<!-- Generated by org.testng.reporters.JUnitReportReporter -->
<testsuite skipped="0" hostname="C02ZQ03JLVDN" name="com.ebaytest.testrunners.TestRunner" tests="1" failures="0" timestamp="20 Apr 2020 13:21:49 GMT" time="27.848" errors="0">
  <testcase name="feature" time="27.848" classname="com.ebaytest.testrunners.TestRunner"/>
</testsuite> <!-- com.ebaytest.testrunners.TestRunner -->
